InnoDB: using atomic writes.
2019-10-27 12:16:32 0 [Note] InnoDB: Mutexes and rw_locks use Windows interlocked functions
2019-10-27 12:16:32 0 [Note] InnoDB: Uses event mutexes
2019-10-27 12:16:32 0 [Note] InnoDB: Compressed tables use zlib 1.2.11
2019-10-27 12:16:32 0 [Note] InnoDB: Number of pools: 1
2019-10-27 12:16:32 0 [Note] InnoDB: Using SSE2 crc32 instructions
2019-10-27 12:16:32 0 [Note] InnoDB: Initializing buffer pool, total size = 16M, instances = 1, chunk size = 16M
2019-10-27 12:16:32 0 [Note] InnoDB: Completed initialization of buffer pool
2019-10-27 12:16:32 0 [Note] InnoDB: 128 out of 128 rollback segments are active.
2019-10-27 12:16:32 0 [Note] InnoDB: Creating shared tablespace for temporary tables
2019-10-27 12:16:32 0 [Note] InnoDB: Setting file 'C:\xampp\mysql\data\ibtmp1' size to 12 MB. Physically writing the file full; Please wait ...
2019-10-27 12:16:32 0 [Note] InnoDB: File 'C:\xampp\mysql\data\ibtmp1' size is now 12 MB.
2019-10-27 12:16:32 0 [Note] InnoDB: Waiting for purge to start
2019-10-27 12:16:32 0 [Note] InnoDB: 10.4.8 started; log sequence number 294606; transaction id 138
2019-10-27 12:16:32 0 [Note] InnoDB: Loading buffer pool(s) from C:\xampp\mysql\data\ib_buffer_pool
2019-10-27 12:16:32 0 [Note] Plugin 'FEEDBACK' is disabled.
2019-10-27 12:16:32 0 [Note] Server socket created on IP: '::'.
2019-10-27 12:16:32 0 [Note] InnoDB: Buffer pool(s) load completed at 191027 12:16:32
2019-10-27 12:16:32 0 [Note] Reading of all Master_info entries succeeded
2019-10-27 12:16:32 0 [Note] Added new Master_info '' to hash table
2019-10-27 12:16:32 0 [Note] mysql\bin\mysqld.exe: ready for connections.
Version: '10.4.8-MariaDB'  socket: ''  port: 3306  mariadb.org binary distribution
InnoDB: using atomic writes.
2019-10-30 22:27:35 0 [Note] InnoDB: Mutexes and rw_locks use Windows interlocked functions
2019-10-30 22:27:35 0 [Note] InnoDB: Uses event mutexes
2019-10-30 22:27:35 0 [Note] InnoDB: Compressed tables use zlib 1.2.11
2019-10-30 22:27:35 0 [Note] InnoDB: Number of pools: 1
2019-10-30 22:27:35 0 [Note] InnoDB: Using SSE2 crc32 instructions
2019-10-30 22:27:35 0 [Note] InnoDB: Initializing buffer pool, total size = 16M, instances = 1, chunk size = 16M
2019-10-30 22:27:35 0 [Note] InnoDB: Completed initialization of buffer pool
2019-10-30 22:27:35 0 [Note] InnoDB: Starting crash recovery from checkpoint LSN=304786
2019-10-30 22:27:35 0 [Note] InnoDB: 128 out of 128 rollback segments are active.
2019-10-30 22:27:35 0 [Note] InnoDB: Removed temporary tablespace data file: "ibtmp1"
2019-10-30 22:27:35 0 [Note] InnoDB: Creating shared tablespace for temporary tables
2019-10-30 22:27:35 0 [Note] InnoDB: Setting file 'C:\xampp\mysql\data\ibtmp1' size to 12 MB. Physically writing the file full; Please wait ...
2019-10-30 22:27:35 0 [Note] InnoDB: File 'C:\xampp\mysql\data\ibtmp1' size is now 12 MB.
2019-10-30 22:27:35 0 [Note] InnoDB: Waiting for purge to start
2019-10-30 22:27:36 0 [Note] InnoDB: 10.4.8 started; log sequence number 304795; transaction id 173
2019-10-30 22:27:36 0 [Note] InnoDB: Loading buffer pool(s) from C:\xampp\mysql\data\ib_buffer_pool
2019-10-30 22:27:36 0 [Note] Plugin 'FEEDBACK' is disabled.
2019-10-30 22:27:36 0 [Note] Server socket created on IP: '::'.
2019-10-30 22:27:36 0 [Note] InnoDB: Buffer pool(s) load completed at 191030 22:27:36
2019-10-30 22:27:36 0 [Note] Reading of all Master_info entries succeeded
2019-10-30 22:27:36 0 [Note] Added new Master_info '' to hash table
2019-10-30 22:27:36 0 [Note] mysql\bin\mysqld.exe: ready for connections.
Version: '10.4.8-MariaDB'  socket: ''  port: 3306  mariadb.org binary distribution
InnoDB: using atomic writes.
2019-10-30 22:27:59 0 [Note] InnoDB: Mutexes and rw_locks use Windows interlocked functions
2019-10-30 22:27:59 0 [Note] InnoDB: Uses event mutexes
2019-10-30 22:27:59 0 [Note] InnoDB: Compressed tables use zlib 1.2.11
2019-10-30 22:27:59 0 [Note] InnoDB: Number of pools: 1
2019-10-30 22:27:59 0 [Note] InnoDB: Using SSE2 crc32 instructions
2019-10-30 22:27:59 0 [Note] InnoDB: Initializing buffer pool, total size = 16M, instances = 1, chunk size = 16M
2019-10-30 22:27:59 0 [Note] InnoDB: Completed initialization of buffer pool
2019-10-30 22:27:59 0 [Note] InnoDB: Starting crash recovery from checkpoint LSN=304804
2019-10-30 22:27:59 0 [Note] InnoDB: 128 out of 128 rollback segments are active.
2019-10-30 22:27:59 0 [Note] InnoDB: Removed temporary tablespace data file: "ibtmp1"
2019-10-30 22:27:59 0 [Note] InnoDB: Creating shared tablespace for temporary tables
2019-10-30 22:27:59 0 [Note] InnoDB: Setting file 'C:\xampp\mysql\data\ibtmp1' size to 12 MB. Physically writing the file full; Please wait ...
2019-10-30 22:27:59 0 [Note] InnoDB: File 'C:\xampp\mysql\data\ibtmp1' size is now 12 MB.
2019-10-30 22:27:59 0 [Note] InnoDB: Waiting for purge to start
2019-10-30 22:27:59 0 [Note] InnoDB: 10.4.8 started; log sequence number 304813; transaction id 173
2019-10-30 22:27:59 0 [Note] InnoDB: Loading buffer pool(s) from C:\xampp\mysql\data\ib_buffer_pool
2019-10-30 22:27:59 0 [Note] Plugin 'FEEDBACK' is disabled.
2019-10-30 22:27:59 0 [Note] Server socket created on IP: '::'.
InnoDB: using atomic writes.
2019-10-30 22:38:20 0 [Note] InnoDB: Mutexes and rw_locks use Windows interlocked functions
2019-10-30 22:38:20 0 [Note] InnoDB: Uses event mutexes
2019-10-30 22:38:20 0 [Note] InnoDB: Compressed tables use zlib 1.2.11
2019-10-30 22:38:20 0 [Note] InnoDB: Number of pools: 1
2019-10-30 22:38:20 0 [Note] InnoDB: Using SSE2 crc32 instructions
2019-10-30 22:38:20 0 [Note] InnoDB: Initializing buffer pool, total size = 16M, instances = 1, chunk size = 16M
2019-10-30 22:38:20 0 [Note] InnoDB: Completed initialization of buffer pool
2019-10-30 22:38:20 0 [Note] InnoDB: Starting crash recovery from checkpoint LSN=304822
2019-10-30 22:38:21 0 [Note] InnoDB: 128 out of 128 rollback segments are active.
2019-10-30 22:38:21 0 [Note] InnoDB: Removed temporary tablespace data file: "ibtmp1"
2019-10-30 22:38:21 0 [Note] InnoDB: Creating shared tablespace for temporary tables
2019-10-30 22:38:21 0 [Note] InnoDB: Setting file 'C:\xampp\mysql\data\ibtmp1' size to 12 MB. Physically writing the file full; Please wait ...
2019-10-30 22:38:21 0 [Note] InnoDB: File 'C:\xampp\mysql\data\ibtmp1' size is now 12 MB.
2019-10-30 22:38:21 0 [Note] InnoDB: Waiting for purge to start
2019-10-30 22:38:21 0 [Note] InnoDB: 10.4.8 started; log sequence number 304831; transaction id 173
2019-10-30 22:38:21 0 [Note] InnoDB: Loading buffer pool(s) from C:\xampp\mysql\data\ib_buffer_pool
2019-10-30 22:38:21 0 [Note] Plugin 'FEEDBACK' is disabled.
2019-10-30 22:38:21 0 [Note] Server socket created on IP: '::'.
InnoDB: using atomic writes.
2019-10-31 22:42:02 0 [Note] InnoDB: Mutexes and rw_locks use Windows interlocked functions
2019-10-31 22:42:02 0 [Note] InnoDB: Uses event mutexes
2019-10-31 22:42:02 0 [Note] InnoDB: Compressed tables use zlib 1.2.11
2019-10-31 22:42:02 0 [Note] InnoDB: Number of pools: 1
2019-10-31 22:42:02 0 [Note] InnoDB: Using SSE2 crc32 instructions
2019-10-31 22:42:02 0 [Note] InnoDB: Initializing buffer pool, total size = 16M, instances = 1, chunk size = 16M
2019-10-31 22:42:02 0 [Note] InnoDB: Completed initialization of buffer pool
2019-10-31 22:42:02 0 [Note] InnoDB: Starting crash recovery from checkpoint LSN=327962
2019-10-31 22:42:02 0 [Note] InnoDB: 128 out of 128 rollback segments are active.
2019-10-31 22:42:02 0 [Note] InnoDB: Removed temporary tablespace data file: "ibtmp1"
2019-10-31 22:42:02 0 [Note] InnoDB: Creating shared tablespace for temporary tables
2019-10-31 22:42:02 0 [Note] InnoDB: Setting file 'C:\xampp\mysql\data\ibtmp1' size to 12 MB. Physically writing the file full; Please wait ...
2019-10-31 22:42:02 0 [Note] InnoDB: File 'C:\xampp\mysql\data\ibtmp1' size is now 12 MB.
2019-10-31 22:42:02 0 [Note] InnoDB: Waiting for purge to start
2019-10-31 22:42:02 0 [Note] InnoDB: 10.4.8 started; log sequence number 327971; transaction id 222
2019-10-31 22:42:02 0 [Note] InnoDB: Loading buffer pool(s) from C:\xampp\mysql\data\ib_buffer_pool
2019-10-31 22:42:02 0 [Note] Plugin 'FEEDBACK' is disabled.
2019-10-31 22:42:02 0 [Note] Server socket created on IP: '::'.
InnoDB: using atomic writes.
2019-11-01 19:50:00 0 [Note] InnoDB: Mutexes and rw_locks use Windows interlocked functions
2019-11-01 19:50:00 0 [Note] InnoDB: Uses event mutexes
2019-11-01 19:50:00 0 [Note] InnoDB: Compressed tables use zlib 1.2.11
2019-11-01 19:50:00 0 [Note] InnoDB: Number of pools: 1
2019-11-01 19:50:00 0 [Note] InnoDB: Using SSE2 crc32 instructions
2019-11-01 19:50:00 0 [Note] InnoDB: Initializing buffer pool, total size = 16M, instances = 1, chunk size = 16M
2019-11-01 19:50:00 0 [Note] InnoDB: Completed initialization of buffer pool
2019-11-01 19:50:00 0 [Note] InnoDB: Starting crash recovery from checkpoint LSN=340423
2019-11-01 19:50:00 0 [Note] InnoDB: 128 out of 128 rollback segments are active.
2019-11-01 19:50:00 0 [Note] InnoDB: Removed temporary tablespace data file: "ibtmp1"
2019-11-01 19:50:00 0 [Note] InnoDB: Creating shared tablespace for temporary tables
2019-11-01 19:50:00 0 [Note] InnoDB: Setting file 'C:\xampp\mysql\data\ibtmp1' size to 12 MB. Physically writing the file full; Please wait ...
2019-11-01 19:50:00 0 [Note] InnoDB: File 'C:\xampp\mysql\data\ibtmp1' size is now 12 MB.
2019-11-01 19:50:00 0 [Note] InnoDB: Waiting for purge to start
2019-11-01 19:50:00 0 [Note] InnoDB: 10.4.8 started; log sequence number 340432; transaction id 272
2019-11-01 19:50:00 0 [Note] InnoDB: Loading buffer pool(s) from C:\xampp\mysql\data\ib_buffer_pool
2019-11-01 19:50:00 0 [Note] Plugin 'FEEDBACK' is disabled.
2019-11-01 19:50:00 0 [Note] Server socket created on IP: '::'.
InnoDB: using atomic writes.
2019-11-02  0:27:15 0 [Note] InnoDB: Mutexes and rw_locks use Windows interlocked functions
2019-11-02  0:27:15 0 [Note] InnoDB: Uses event mutexes
2019-11-02  0:27:15 0 [Note] InnoDB: Compressed tables use zlib 1.2.11
2019-11-02  0:27:15 0 [Note] InnoDB: Number of pools: 1
2019-11-02  0:27:15 0 [Note] InnoDB: Using SSE2 crc32 instructions
2019-11-02  0:27:15 0 [Note] InnoDB: Initializing buffer pool, total size = 16M, instances = 1, chunk size = 16M
2019-11-02  0:27:15 0 [Note] InnoDB: Completed initialization of buffer pool
2019-11-02  0:27:15 0 [Note] InnoDB: Starting crash recovery from checkpoint LSN=406314
2019-11-02  0:27:15 0 [Note] InnoDB: 128 out of 128 rollback segments are active.
2019-11-02  0:27:15 0 [Note] InnoDB: Removed temporary tablespace data file: "ibtmp1"
2019-11-02  0:27:15 0 [Note] InnoDB: Creating shared tablespace for temporary tables
2019-11-02  0:27:15 0 [Note] InnoDB: Setting file 'C:\xampp\mysql\data\ibtmp1' size to 12 MB. Physically writing the file full; Please wait ...
2019-11-02  0:27:15 0 [Note] InnoDB: File 'C:\xampp\mysql\data\ibtmp1' size is now 12 MB.
2019-11-02  0:27:15 0 [Note] InnoDB: Waiting for purge to start
2019-11-02  0:27:15 0 [Note] InnoDB: 10.4.8 started; log sequence number 406323; transaction id 377
2019-11-02  0:27:15 0 [Note] InnoDB: Loading buffer pool(s) from C:\xampp\mysql\data\ib_buffer_pool
2019-11-02  0:27:15 0 [Note] Plugin 'FEEDBACK' is disabled.
2019-11-02  0:27:15 0 [Note] Server socket created on IP: '::'.
InnoDB: using atomic writes.
2019-11-02 10:27:58 0 [Note] InnoDB: Mutexes and rw_locks use Windows interlocked functions
2019-11-02 10:27:58 0 [Note] InnoDB: Uses event mutexes
2019-11-02 10:27:58 0 [Note] InnoDB: Compressed tables use zlib 1.2.11
2019-11-02 10:27:58 0 [Note] InnoDB: Number of pools: 1
2019-11-02 10:27:58 0 [Note] InnoDB: Using SSE2 crc32 instructions
2019-11-02 10:27:58 0 [Note] InnoDB: Initializing buffer pool, total size = 16M, instances = 1, chunk size = 16M
2019-11-02 10:27:58 0 [Note] InnoDB: Completed initialization of buffer pool
2019-11-02 10:27:58 0 [Note] InnoDB: Starting crash recovery from checkpoint LSN=407410
2019-11-02 10:27:59 0 [Note] InnoDB: 128 out of 128 rollback segments are active.
2019-11-02 10:27:59 0 [Note] InnoDB: Removed temporary tablespace data file: "ibtmp1"
2019-11-02 10:27:59 0 [Note] InnoDB: Creating shared tablespace for temporary tables
2019-11-02 10:27:59 0 [Note] InnoDB: Setting file 'C:\xampp\mysql\data\ibtmp1' size to 12 MB. Physically writing the file full; Please wait ...
2019-11-02 10:27:59 0 [Note] InnoDB: File 'C:\xampp\mysql\data\ibtmp1' size is now 12 MB.
2019-11-02 10:27:59 0 [Note] InnoDB: Waiting for purge to start
2019-11-02 10:27:59 0 [Note] InnoDB: 10.4.8 started; log sequence number 407419; transaction id 393
2019-11-02 10:27:59 0 [Note] Plugin 'FEEDBACK' is disabled.
2019-11-02 10:27:59 0 [Note] InnoDB: Loading buffer pool(s) from C:\xampp\mysql\data\ib_buffer_pool
2019-11-02 10:27:59 0 [Note] Server socket created on IP: '::'.
InnoDB: using atomic writes.
2019-11-02 20:58:14 0 [Note] InnoDB: Mutexes and rw_locks use Windows interlocked functions
2019-11-02 20:58:14 0 [Note] InnoDB: Uses event mutexes
2019-11-02 20:58:14 0 [Note] InnoDB: Compressed tables use zlib 1.2.11
2019-11-02 20:58:14 0 [Note] InnoDB: Number of pools: 1
2019-11-02 20:58:14 0 [Note] InnoDB: Using SSE2 crc32 instructions
2019-11-02 20:58:14 0 [Note] InnoDB: Initializing buffer pool, total size = 16M, instances = 1, chunk size = 16M
2019-11-02 20:58:14 0 [Note] InnoDB: Completed initialization of buffer pool
2019-11-02 20:58:14 0 [Note] InnoDB: Starting crash recovery from checkpoint LSN=465326
2019-11-02 20:58:14 0 [Note] InnoDB: 128 out of 128 rollback segments are active.
2019-11-02 20:58:14 0 [Note] InnoDB: Removed temporary tablespace data file: "ibtmp1"
2019-11-02 20:58:14 0 [Note] InnoDB: Creating shared tablespace for temporary tables
2019-11-02 20:58:14 0 [Note] InnoDB: Setting file 'C:\xampp\mysql\data\ibtmp1' size to 12 MB. Physically writing the file full; Please wait ...
2019-11-02 20:58:14 0 [Note] InnoDB: File 'C:\xampp\mysql\data\ibtmp1' size is now 12 MB.
2019-11-02 20:58:14 0 [Note] InnoDB: Waiting for purge to start
2019-11-02 20:58:14 0 [Note] InnoDB: 10.4.8 started; log sequence number 465335; transaction id 432
2019-11-02 20:58:14 0 [Note] InnoDB: Loading buffer pool(s) from C:\xampp\mysql\data\ib_buffer_pool
2019-11-02 20:58:14 0 [Note] Plugin 'FEEDBACK' is disabled.
2019-11-02 20:58:14 0 [Note] Server socket created on IP: '::'.
InnoDB: using atomic writes.
2019-11-04 14:53:37 0 [Note] InnoDB: Mutexes and rw_locks use Windows interlocked functions
2019-11-04 14:53:37 0 [Note] InnoDB: Uses event mutexes
2019-11-04 14:53:37 0 [Note] InnoDB: Compressed tables use zlib 1.2.11
2019-11-04 14:53:37 0 [Note] InnoDB: Number of pools: 1
2019-11-04 14:53:37 0 [Note] InnoDB: Using SSE2 crc32 instructions
2019-11-04 14:53:37 0 [Note] InnoDB: Initializing buffer pool, total size = 16M, instances = 1, chunk size = 16M
2019-11-04 14:53:37 0 [Note] InnoDB: Completed initialization of buffer pool
2019-11-04 14:53:37 0 [Note] InnoDB: Starting crash recovery from checkpoint LSN=470210
2019-11-04 14:53:38 0 [Note] InnoDB: 128 out of 128 rollback segments are active.
2019-11-04 14:53:38 0 [Note] InnoDB: Removed temporary tablespace data file: "ibtmp1"
2019-11-04 14:53:38 0 [Note] InnoDB: Creating shared tablespace for temporary tables
2019-11-04 14:53:38 0 [Note] InnoDB: Setting file 'C:\xampp\mysql\data\ibtmp1' size to 12 MB. Physically writing the file full; Please wait ...
2019-11-04 14:53:38 0 [Note] InnoDB: File 'C:\xampp\mysql\data\ibtmp1' size is now 12 MB.
2019-11-04 14:53:38 0 [Note] InnoDB: Waiting for purge to start
2019-11-04 14:53:38 0 [Note] InnoDB: 10.4.8 started; log sequence number 470219; transaction id 458
2019-11-04 14:53:38 0 [Note] InnoDB: Loading buffer pool(s) from C:\xampp\mysql\data\ib_buffer_pool
2019-11-04 14:53:38 0 [Note] Plugin 'FEEDBACK' is disabled.
2019-11-04 14:53:38 0 [Note] Server socket created on IP: '::'.
InnoDB: using atomic writes.
2019-11-04 15:23:59 0 [Note] InnoDB: Mutexes and rw_locks use Windows interlocked functions
2019-11-04 15:23:59 0 [Note] InnoDB: Uses event mutexes
2019-11-04 15:23:59 0 [Note] InnoDB: Compressed tables use zlib 1.2.11
2019-11-04 15:23:59 0 [Note] InnoDB: Number of pools: 1
2019-11-04 15:23:59 0 [Note] InnoDB: Using SSE2 crc32 instructions
2019-11-04 15:23:59 0 [Note] InnoDB: Initializing buffer pool, total size = 16M, instances = 1, chunk size = 16M
2019-11-04 15:23:59 0 [Note] InnoDB: Completed initialization of buffer pool
2019-11-04 15:23:59 0 [Note] InnoDB: Starting crash recovery from checkpoint LSN=474490
2019-11-04 15:23:59 0 [Note] InnoDB: 128 out of 128 rollback segments are active.
2019-11-04 15:23:59 0 [Note] InnoDB: Removed temporary tablespace data file: "ibtmp1"
2019-11-04 15:23:59 0 [Note] InnoDB: Creating shared tablespace for temporary tables
2019-11-04 15:23:59 0 [Note] InnoDB: Setting file 'C:\xampp\mysql\data\ibtmp1' size to 12 MB. Physically writing the file full; Please wait ...
2019-11-04 15:23:59 0 [Note] InnoDB: File 'C:\xampp\mysql\data\ibtmp1' size is now 12 MB.
2019-11-04 15:23:59 0 [Note] InnoDB: Waiting for purge to start
2019-11-04 15:23:59 0 [Note] InnoDB: 10.4.8 started; log sequence number 474499; transaction id 466
2019-11-04 15:23:59 0 [Note] InnoDB: Loading buffer pool(s) from C:\xampp\mysql\data\ib_buffer_pool
2019-11-04 15:23:59 0 [Note] Plugin 'FEEDBACK' is disabled.
2019-11-04 15:23:59 0 [Note] Server socket created on IP: '::'.
InnoDB: using atomic writes.
2019-11-09 20:44:28 0 [Note] InnoDB: Mutexes and rw_locks use Windows interlocked functions
2019-11-09 20:44:28 0 [Note] InnoDB: Uses event mutexes
2019-11-09 20:44:28 0 [Note] InnoDB: Compressed tables use zlib 1.2.11
2019-11-09 20:44:28 0 [Note] InnoDB: Number of pools: 1
2019-11-09 20:44:28 0 [Note] InnoDB: Using SSE2 crc32 instructions
2019-11-09 20:44:28 0 [Note] InnoDB: Initializing buffer pool, total size = 16M, instances = 1, chunk size = 16M
2019-11-09 20:44:28 0 [Note] InnoDB: Completed initialization of buffer pool
2019-11-09 20:44:28 0 [Note] InnoDB: Starting crash recovery from checkpoint LSN=474834
2019-11-09 20:44:28 0 [Note] InnoDB: 128 out of 128 rollback segments are active.
2019-11-09 20:44:28 0 [Note] InnoDB: Removed temporary tablespace data file: "ibtmp1"
2019-11-09 20:44:28 0 [Note] InnoDB: Creating shared tablespace for temporary tables
2019-11-09 20:44:28 0 [Note] InnoDB: Setting file 'C:\xampp\mysql\data\ibtmp1' size to 12 MB. Physically writing the file full; Please wait ...
2019-11-09 20:44:28 0 [Note] InnoDB: File 'C:\xampp\mysql\data\ibtmp1' size is now 12 MB.
2019-11-09 20:44:28 0 [Note] InnoDB: Waiting for purge to start
2019-11-09 20:44:28 0 [Note] InnoDB: 10.4.8 started; log sequence number 474843; transaction id 480
2019-11-09 20:44:28 0 [Note] InnoDB: Loading buffer pool(s) from C:\xampp\mysql\data\ib_buffer_pool
2019-11-09 20:44:28 0 [Note] Plugin 'FEEDBACK' is disabled.
2019-11-09 20:44:28 0 [Note] Server socket created on IP: '::'.
InnoDB: using atomic writes.
2019-11-10 22:04:21 0 [Note] InnoDB: Mutexes and rw_locks use Windows interlocked functions
2019-11-10 22:04:21 0 [Note] InnoDB: Uses event mutexes
2019-11-10 22:04:21 0 [Note] InnoDB: Compressed tables use zlib 1.2.11
2019-11-10 22:04:21 0 [Note] InnoDB: Number of pools: 1
2019-11-10 22:04:21 0 [Note] InnoDB: Using SSE2 crc32 instructions
2019-11-10 22:04:21 0 [Note] InnoDB: Initializing buffer pool, total size = 16M, instances = 1, chunk size = 16M
2019-11-10 22:04:21 0 [Note] InnoDB: Completed initialization of buffer pool
2019-11-10 22:04:21 0 [Note] InnoDB: Starting crash recovery from checkpoint LSN=500291
2019-11-10 22:04:21 0 [Note] InnoDB: 128 out of 128 rollback segments are active.
2019-11-10 22:04:21 0 [Note] InnoDB: Removed temporary tablespace data file: "ibtmp1"
2019-11-10 22:04:21 0 [Note] InnoDB: Creating shared tablespace for temporary tables
2019-11-10 22:04:21 0 [Note] InnoDB: Setting file 'C:\xampp\mysql\data\ibtmp1' size to 12 MB. Physically writing the file full; Please wait ...
2019-11-10 22:04:21 0 [Note] InnoDB: File 'C:\xampp\mysql\data\ibtmp1' size is now 12 MB.
2019-11-10 22:04:21 0 [Note] InnoDB: Waiting for purge to start
2019-11-10 22:04:21 0 [Note] InnoDB: 10.4.8 started; log sequence number 500300; transaction id 560
2019-11-10 22:04:21 0 [Note] InnoDB: Loading buffer pool(s) from C:\xampp\mysql\data\ib_buffer_pool
2019-11-10 22:04:21 0 [Note] Plugin 'FEEDBACK' is disabled.
2019-11-10 22:04:21 0 [Note] Server socket created on IP: '::'.
