20:14:37  [main] 	Initializing Control Panel
20:14:37  [main] 	Windows Version:  Home  64-bit
20:14:37  [main] 	XAMPP Version: 7.1.32
20:14:37  [main] 	Control Panel Version: 3.2.4  [ Compiled: Jun 5th 2019 ]
20:14:37  [main] 	You are not running with administrator rights! This will work for
20:14:37  [main] 	most application stuff but whenever you do something with services
20:14:37  [main] 	there will be a security dialogue or things will break! So think 
20:14:37  [main] 	about running this application with administrator rights!
20:14:37  [main] 	XAMPP Installation Directory: "c:\xampp\"
20:14:37  [main] 	Checking for prerequisites
20:14:38  [main] 	All prerequisites found
20:14:38  [main] 	Initializing Modules
20:14:38  [main] 	Starting Check-Timer
20:14:38  [main] 	Control Panel Ready
22:45:19  [main] 	Deinitializing Modules
22:45:19  [main] 	Deinitializing Control Panel

12:16:48  [main] 	Initializing Control Panel
12:16:48  [main] 	Windows Version:  Home  64-bit
12:16:48  [main] 	XAMPP Version: 7.1.32
12:16:48  [main] 	Control Panel Version: 3.2.4  [ Compiled: Jun 5th 2019 ]
12:16:48  [main] 	You are not running with administrator rights! This will work for
12:16:48  [main] 	most application stuff but whenever you do something with services
12:16:48  [main] 	there will be a security dialogue or things will break! So think 
12:16:48  [main] 	about running this application with administrator rights!
12:16:48  [main] 	XAMPP Installation Directory: "c:\xampp\"
12:16:48  [main] 	Checking for prerequisites
12:16:49  [main] 	All prerequisites found
12:16:49  [main] 	Initializing Modules
12:16:49  [mysql] 	XAMPP MySQL is already running on port 3306
12:16:49  [main] 	Starting Check-Timer
12:16:49  [main] 	Control Panel Ready
12:16:55  [Apache] 	Attempting to start Apache app...
12:16:55  [Apache] 	Status change detected: running
13:21:23  [Apache] 	Attempting to stop Apache (PID: 4072)
13:21:23  [Apache] 	Attempting to stop Apache (PID: 9196)
13:21:24  [Apache] 	Status change detected: stopped
13:21:24  [mysql] 	Attempting to stop MySQL app...
13:21:25  [mysql] 	Status change detected: stopped
18:13:13  [main] 	Deinitializing Modules
18:13:13  [main] 	Deinitializing Control Panel

22:27:44  [main] 	Initializing Control Panel
22:27:44  [main] 	Windows Version:  Home  64-bit
22:27:44  [main] 	XAMPP Version: 7.1.32
22:27:44  [main] 	Control Panel Version: 3.2.4  [ Compiled: Jun 5th 2019 ]
22:27:44  [main] 	You are not running with administrator rights! This will work for
22:27:44  [main] 	most application stuff but whenever you do something with services
22:27:44  [main] 	there will be a security dialogue or things will break! So think 
22:27:44  [main] 	about running this application with administrator rights!
22:27:44  [main] 	XAMPP Installation Directory: "c:\xampp\"
22:27:44  [main] 	Checking for prerequisites
22:27:45  [main] 	All prerequisites found
22:27:45  [main] 	Initializing Modules
22:27:45  [mysql] 	XAMPP MySQL is already running on port 3306
22:27:45  [main] 	Starting Check-Timer
22:27:45  [main] 	Control Panel Ready
22:27:56  [mysql] 	Attempting to stop MySQL app...
22:27:56  [mysql] 	Status change detected: stopped
22:27:57  [Apache] 	Attempting to start Apache app...
22:27:57  [Apache] 	Status change detected: running
22:27:59  [mysql] 	Attempting to start MySQL app...
22:27:59  [mysql] 	Status change detected: running
22:28:01  [mysql] 	Attempting to stop MySQL app...
22:28:01  [mysql] 	Status change detected: stopped
22:38:20  [mysql] 	Attempting to start MySQL app...
22:38:21  [mysql] 	Status change detected: running
0:58:22  [Apache] 	Attempting to stop Apache (PID: 14016)
0:58:22  [Apache] 	Attempting to stop Apache (PID: 5384)
0:58:22  [Apache] 	Status change detected: stopped
0:58:22  [mysql] 	Attempting to stop MySQL app...
0:58:23  [mysql] 	Status change detected: stopped
0:59:06  [main] 	Deinitializing Modules
0:59:06  [main] 	Deinitializing Control Panel

22:41:58  [main] 	Initializing Control Panel
22:41:58  [main] 	Windows Version:  Home  64-bit
22:41:58  [main] 	XAMPP Version: 7.1.32
22:41:58  [main] 	Control Panel Version: 3.2.4  [ Compiled: Jun 5th 2019 ]
22:41:58  [main] 	You are not running with administrator rights! This will work for
22:41:58  [main] 	most application stuff but whenever you do something with services
22:41:58  [main] 	there will be a security dialogue or things will break! So think 
22:41:58  [main] 	about running this application with administrator rights!
22:41:58  [main] 	XAMPP Installation Directory: "c:\xampp\"
22:41:58  [main] 	Checking for prerequisites
22:41:59  [main] 	All prerequisites found
22:41:59  [main] 	Initializing Modules
22:41:59  [main] 	Starting Check-Timer
22:41:59  [main] 	Control Panel Ready
22:42:01  [Apache] 	Attempting to start Apache app...
22:42:02  [Apache] 	Status change detected: running
22:42:02  [mysql] 	Attempting to start MySQL app...
22:42:02  [mysql] 	Status change detected: running
0:26:47  [mysql] 	Attempting to stop MySQL app...
0:26:48  [mysql] 	Status change detected: stopped
0:26:48  [Apache] 	Attempting to stop Apache (PID: 14524)
0:26:48  [Apache] 	Attempting to stop Apache (PID: 3652)
0:26:48  [Apache] 	Status change detected: stopped
0:26:55  [main] 	Deinitializing Modules
0:26:55  [main] 	Deinitializing Control Panel

19:49:54  [main] 	Initializing Control Panel
19:49:54  [main] 	Windows Version:  Home  64-bit
19:49:54  [main] 	XAMPP Version: 7.1.32
19:49:54  [main] 	Control Panel Version: 3.2.4  [ Compiled: Jun 5th 2019 ]
19:49:54  [main] 	You are not running with administrator rights! This will work for
19:49:54  [main] 	most application stuff but whenever you do something with services
19:49:54  [main] 	there will be a security dialogue or things will break! So think 
19:49:54  [main] 	about running this application with administrator rights!
19:49:54  [main] 	XAMPP Installation Directory: "c:\xampp\"
19:49:54  [main] 	Checking for prerequisites
19:49:55  [main] 	All prerequisites found
19:49:55  [main] 	Initializing Modules
19:49:55  [main] 	Starting Check-Timer
19:49:55  [main] 	Control Panel Ready
19:50:00  [Apache] 	Attempting to start Apache app...
19:50:00  [Apache] 	Status change detected: running
19:50:00  [mysql] 	Attempting to start MySQL app...
19:50:00  [mysql] 	Status change detected: running
22:14:11  [Apache] 	Attempting to stop Apache (PID: 2884)
22:14:11  [Apache] 	Attempting to stop Apache (PID: 76)
22:14:11  [mysql] 	Attempting to stop MySQL app...
22:14:12  [Apache] 	Status change detected: stopped
22:14:12  [mysql] 	Status change detected: stopped
0:27:15  [mysql] 	Status change detected: running
0:27:15  [Apache] 	Status change detected: running
0:54:24  [Apache] 	Status change detected: stopped
0:54:25  [mysql] 	Status change detected: stopped
1:09:40  [main] 	Deinitializing Modules
1:09:40  [main] 	Deinitializing Control Panel

0:27:11  [main] 	Initializing Control Panel
0:27:11  [main] 	Windows Version:  Home  64-bit
0:27:11  [main] 	XAMPP Version: 7.1.32
0:27:11  [main] 	Control Panel Version: 3.2.4  [ Compiled: Jun 5th 2019 ]
0:27:11  [main] 	You are not running with administrator rights! This will work for
0:27:11  [main] 	most application stuff but whenever you do something with services
0:27:11  [main] 	there will be a security dialogue or things will break! So think 
0:27:11  [main] 	about running this application with administrator rights!
0:27:11  [main] 	XAMPP Installation Directory: "c:\xampp\"
0:27:11  [main] 	Checking for prerequisites
0:27:11  [main] 	All prerequisites found
0:27:11  [main] 	Initializing Modules
0:27:11  [main] 	Starting Check-Timer
0:27:11  [main] 	Control Panel Ready
0:27:14  [mysql] 	Attempting to start MySQL app...
0:27:15  [mysql] 	Status change detected: running
0:27:15  [Apache] 	Attempting to start Apache app...
0:27:15  [Apache] 	Status change detected: running
0:54:24  [Apache] 	Attempting to stop Apache (PID: 868)
0:54:24  [Apache] 	Attempting to stop Apache (PID: 14176)
0:54:24  [Apache] 	Status change detected: stopped
0:54:25  [mysql] 	Attempting to stop MySQL app...
0:54:25  [mysql] 	Status change detected: stopped
1:09:42  [main] 	Deinitializing Modules
1:09:42  [main] 	Deinitializing Control Panel

10:27:55  [main] 	Initializing Control Panel
10:27:55  [main] 	Windows Version:  Home  64-bit
10:27:55  [main] 	XAMPP Version: 7.1.32
10:27:55  [main] 	Control Panel Version: 3.2.4  [ Compiled: Jun 5th 2019 ]
10:27:55  [main] 	You are not running with administrator rights! This will work for
10:27:55  [main] 	most application stuff but whenever you do something with services
10:27:55  [main] 	there will be a security dialogue or things will break! So think 
10:27:55  [main] 	about running this application with administrator rights!
10:27:55  [main] 	XAMPP Installation Directory: "c:\xampp\"
10:27:55  [main] 	Checking for prerequisites
10:27:56  [main] 	All prerequisites found
10:27:56  [main] 	Initializing Modules
10:27:56  [main] 	Starting Check-Timer
10:27:56  [main] 	Control Panel Ready
10:27:58  [Apache] 	Attempting to start Apache app...
10:27:58  [Apache] 	Status change detected: running
10:27:58  [mysql] 	Attempting to start MySQL app...
10:27:59  [mysql] 	Status change detected: running
11:21:08  [Apache] 	Attempting to stop Apache (PID: 13416)
11:21:08  [Apache] 	Attempting to stop Apache (PID: 11320)
11:21:09  [mysql] 	Attempting to stop MySQL app...
11:21:09  [Apache] 	Status change detected: stopped
11:21:09  [mysql] 	Status change detected: stopped
15:03:29  [main] 	Deinitializing Modules
15:03:29  [main] 	Deinitializing Control Panel

20:48:57  [main] 	Initializing Control Panel
20:48:57  [main] 	Windows Version:  Home  64-bit
20:48:57  [main] 	XAMPP Version: 7.1.32
20:48:57  [main] 	Control Panel Version: 3.2.4  [ Compiled: Jun 5th 2019 ]
20:48:57  [main] 	You are not running with administrator rights! This will work for
20:48:57  [main] 	most application stuff but whenever you do something with services
20:48:57  [main] 	there will be a security dialogue or things will break! So think 
20:48:57  [main] 	about running this application with administrator rights!
20:48:57  [main] 	XAMPP Installation Directory: "c:\xampp\"
20:48:57  [main] 	Checking for prerequisites
20:48:59  [main] 	All prerequisites found
20:48:59  [main] 	Initializing Modules
20:48:59  [main] 	Starting Check-Timer
20:48:59  [main] 	Control Panel Ready
20:58:13  [Apache] 	Attempting to start Apache app...
20:58:13  [Apache] 	Status change detected: running
20:58:14  [mysql] 	Attempting to start MySQL app...
20:58:14  [mysql] 	Status change detected: running
21:01:10  [Apache] 	Attempting to stop Apache (PID: 12372)
21:01:10  [Apache] 	Attempting to stop Apache (PID: 12840)
21:01:10  [Apache] 	Status change detected: stopped
21:01:11  [Apache] 	Attempting to start Apache app...
21:01:11  [Apache] 	Status change detected: running
21:04:48  [Apache] 	Attempting to stop Apache (PID: 208)
21:04:48  [Apache] 	Attempting to stop Apache (PID: 11668)
21:04:48  [Apache] 	Status change detected: stopped
21:04:54  [Apache] 	Attempting to start Apache app...
21:04:55  [Apache] 	Status change detected: running
21:05:34  [Apache] 	Attempting to stop Apache (PID: 10420)
21:05:34  [Apache] 	Attempting to stop Apache (PID: 10304)
21:05:35  [Apache] 	Status change detected: stopped
21:06:28  [Apache] 	Attempting to start Apache app...
21:06:28  [Apache] 	Status change detected: running
21:36:30  [mysql] 	Attempting to stop MySQL app...
21:36:31  [Apache] 	Attempting to stop Apache (PID: 8368)
21:36:31  [Apache] 	Attempting to stop Apache (PID: 13020)
21:36:31  [Apache] 	Status change detected: stopped
21:36:31  [mysql] 	Status change detected: stopped
1:29:44  [main] 	Deinitializing Modules
1:29:44  [main] 	Deinitializing Control Panel

14:53:32  [main] 	Initializing Control Panel
14:53:32  [main] 	Windows Version:  Home  64-bit
14:53:32  [main] 	XAMPP Version: 7.1.32
14:53:32  [main] 	Control Panel Version: 3.2.4  [ Compiled: Jun 5th 2019 ]
14:53:32  [main] 	You are not running with administrator rights! This will work for
14:53:32  [main] 	most application stuff but whenever you do something with services
14:53:32  [main] 	there will be a security dialogue or things will break! So think 
14:53:32  [main] 	about running this application with administrator rights!
14:53:32  [main] 	XAMPP Installation Directory: "c:\xampp\"
14:53:32  [main] 	Checking for prerequisites
14:53:33  [main] 	All prerequisites found
14:53:33  [main] 	Initializing Modules
14:53:33  [main] 	Starting Check-Timer
14:53:33  [main] 	Control Panel Ready
14:53:36  [Apache] 	Attempting to start Apache app...
14:53:36  [Apache] 	Status change detected: running
14:53:37  [mysql] 	Attempting to start MySQL app...
14:53:37  [mysql] 	Status change detected: running
15:10:57  [mysql] 	Attempting to stop MySQL app...
15:10:57  [mysql] 	Status change detected: stopped
15:10:57  [Apache] 	Attempting to stop Apache (PID: 3800)
15:10:57  [Apache] 	Attempting to stop Apache (PID: 8108)
15:10:57  [Apache] 	Status change detected: stopped
15:19:56  [main] 	Deinitializing Modules
15:19:56  [main] 	Deinitializing Control Panel

15:23:03  [main] 	Initializing Control Panel
15:23:03  [main] 	Windows Version:  Home  64-bit
15:23:03  [main] 	XAMPP Version: 7.1.32
15:23:03  [main] 	Control Panel Version: 3.2.4  [ Compiled: Jun 5th 2019 ]
15:23:03  [main] 	You are not running with administrator rights! This will work for
15:23:03  [main] 	most application stuff but whenever you do something with services
15:23:03  [main] 	there will be a security dialogue or things will break! So think 
15:23:03  [main] 	about running this application with administrator rights!
15:23:03  [main] 	XAMPP Installation Directory: "c:\xampp\"
15:23:03  [main] 	Checking for prerequisites
15:23:03  [main] 	All prerequisites found
15:23:03  [main] 	Initializing Modules
15:23:03  [main] 	Starting Check-Timer
15:23:03  [main] 	Control Panel Ready
15:23:55  [Apache] 	Attempting to start Apache app...
15:23:56  [Apache] 	Status change detected: running
15:23:59  [mysql] 	Attempting to start MySQL app...
15:23:59  [mysql] 	Status change detected: running
15:35:17  [main] 	Deinitializing Modules
15:35:17  [main] 	Deinitializing Control Panel

12:40:45  [main] 	Initializing Control Panel
12:40:45  [main] 	Windows Version:  Home  64-bit
12:40:45  [main] 	XAMPP Version: 7.1.32
12:40:45  [main] 	Control Panel Version: 3.2.4  [ Compiled: Jun 5th 2019 ]
12:40:45  [main] 	You are not running with administrator rights! This will work for
12:40:45  [main] 	most application stuff but whenever you do something with services
12:40:45  [main] 	there will be a security dialogue or things will break! So think 
12:40:45  [main] 	about running this application with administrator rights!
12:40:45  [main] 	XAMPP Installation Directory: "c:\xampp\"
12:40:45  [main] 	Checking for prerequisites
12:40:46  [main] 	All prerequisites found
12:40:46  [main] 	Initializing Modules
12:40:46  [main] 	Starting Check-Timer
12:40:46  [main] 	Control Panel Ready
15:27:01  [main] 	Deinitializing Modules
15:27:01  [main] 	Deinitializing Control Panel

20:44:24  [main] 	Initializing Control Panel
20:44:24  [main] 	Windows Version:  Home  64-bit
20:44:24  [main] 	XAMPP Version: 7.1.32
20:44:24  [main] 	Control Panel Version: 3.2.4  [ Compiled: Jun 5th 2019 ]
20:44:24  [main] 	You are not running with administrator rights! This will work for
20:44:24  [main] 	most application stuff but whenever you do something with services
20:44:24  [main] 	there will be a security dialogue or things will break! So think 
20:44:24  [main] 	about running this application with administrator rights!
20:44:24  [main] 	XAMPP Installation Directory: "c:\xampp\"
20:44:24  [main] 	Checking for prerequisites
20:44:26  [main] 	All prerequisites found
20:44:26  [main] 	Initializing Modules
20:44:26  [main] 	Starting Check-Timer
20:44:26  [main] 	Control Panel Ready
20:44:28  [mysql] 	Attempting to start MySQL app...
20:44:28  [Apache] 	Attempting to start Apache app...
20:44:28  [Apache] 	Status change detected: running
20:44:28  [mysql] 	Status change detected: running
21:04:32  [Apache] 	Attempting to stop Apache (PID: 11352)
21:04:32  [Apache] 	Attempting to stop Apache (PID: 5480)
21:04:32  [Apache] 	Status change detected: stopped
21:13:12  [Apache] 	Attempting to start Apache app...
21:13:13  [Apache] 	Status change detected: running
22:40:47  [Apache] 	Attempting to stop Apache (PID: 6164)
22:40:47  [Apache] 	Attempting to stop Apache (PID: 7204)
22:40:48  [Apache] 	Status change detected: stopped
22:40:48  [mysql] 	Attempting to stop MySQL app...
22:40:48  [mysql] 	Status change detected: stopped
22:40:56  [main] 	Deinitializing Modules
22:40:56  [main] 	Deinitializing Control Panel

22:04:17  [main] 	Initializing Control Panel
22:04:17  [main] 	Windows Version:  Home  64-bit
22:04:17  [main] 	XAMPP Version: 7.1.32
22:04:17  [main] 	Control Panel Version: 3.2.4  [ Compiled: Jun 5th 2019 ]
22:04:17  [main] 	You are not running with administrator rights! This will work for
22:04:17  [main] 	most application stuff but whenever you do something with services
22:04:17  [main] 	there will be a security dialogue or things will break! So think 
22:04:17  [main] 	about running this application with administrator rights!
22:04:17  [main] 	XAMPP Installation Directory: "c:\xampp\"
22:04:17  [main] 	Checking for prerequisites
22:04:17  [main] 	All prerequisites found
22:04:17  [main] 	Initializing Modules
22:04:17  [main] 	Starting Check-Timer
22:04:17  [main] 	Control Panel Ready
22:04:19  [Apache] 	Attempting to start Apache app...
22:04:20  [Apache] 	Status change detected: running
22:04:20  [mysql] 	Attempting to start MySQL app...
22:04:21  [mysql] 	Status change detected: running
0:48:15  [main] 	Deinitializing Modules
0:48:15  [main] 	Deinitializing Control Panel

16:56:34  [main] 	Initializing Control Panel
16:56:34  [main] 	Windows Version:  Enterprise  64-bit
16:56:34  [main] 	XAMPP Version: 7.1.32
16:56:34  [main] 	Control Panel Version: 3.2.4  [ Compiled: Jun 5th 2019 ]
16:56:34  [main] 	You are not running with administrator rights! This will work for
16:56:34  [main] 	most application stuff but whenever you do something with services
16:56:34  [main] 	there will be a security dialogue or things will break! So think 
16:56:34  [main] 	about running this application with administrator rights!
16:56:34  [main] 	XAMPP Installation Directory: "c:\users\Слава\documents\github\nstu_learning\web - разработка\xampp\"
16:56:34  [main] 	WARNING: Your install directory contains spaces.  This may break programs/scripts
16:56:34  [main] 	Checking for prerequisites
16:56:34  [main] 	All prerequisites found
16:56:34  [main] 	Initializing Modules
16:56:34  [main] 	Starting Check-Timer
16:56:34  [main] 	Control Panel Ready
16:56:38  [Apache] 	Attempting to start Apache app...
16:56:38  [Apache] 	Status change detected: running
16:56:47  [mysql] 	Attempting to start MySQL app...
16:56:47  [mysql] 	Status change detected: running
17:02:31  [Apache] 	Attempting to stop Apache (PID: 9640)
17:02:31  [Apache] 	Attempting to stop Apache (PID: 12904)
17:02:32  [Apache] 	Status change detected: stopped
17:02:32  [mysql] 	Attempting to stop MySQL app...
17:02:33  [mysql] 	Status change detected: stopped
11:39:56  [main] 	Deinitializing Modules
11:39:56  [main] 	Deinitializing Control Panel

14:23:22  [main] 	Initializing Control Panel
14:23:22  [main] 	Windows Version:  Enterprise  64-bit
14:23:22  [main] 	XAMPP Version: 7.1.32
14:23:22  [main] 	Control Panel Version: 3.2.4  [ Compiled: Jun 5th 2019 ]
14:23:22  [main] 	You are not running with administrator rights! This will work for
14:23:22  [main] 	most application stuff but whenever you do something with services
14:23:22  [main] 	there will be a security dialogue or things will break! So think 
14:23:22  [main] 	about running this application with administrator rights!
14:23:22  [main] 	XAMPP Installation Directory: "c:\users\Слава\documents\github\nstu_learning\web - разработка\xampp\"
14:23:22  [main] 	WARNING: Your install directory contains spaces.  This may break programs/scripts
14:23:22  [main] 	Checking for prerequisites
14:23:22  [main] 	All prerequisites found
14:23:22  [main] 	Initializing Modules
14:23:22  [main] 	Starting Check-Timer
14:23:22  [main] 	Control Panel Ready
14:23:24  [Apache] 	Attempting to start Apache app...
14:23:25  [Apache] 	Status change detected: running
14:23:25  [mysql] 	Attempting to start MySQL app...
14:23:26  [mysql] 	Status change detected: running
14:34:43  [Apache] 	Attempting to stop Apache (PID: 11372)
14:34:43  [Apache] 	Attempting to stop Apache (PID: 10980)
14:34:44  [Apache] 	Status change detected: stopped
14:34:44  [mysql] 	Attempting to stop MySQL app...
14:34:45  [mysql] 	Status change detected: stopped
14:35:50  [main] 	Deinitializing Modules
14:35:50  [main] 	Deinitializing Control Panel

0:11:46  [main] 	Initializing Control Panel
0:11:46  [main] 	Windows Version:  Home  64-bit
0:11:46  [main] 	XAMPP Version: 7.1.32
0:11:46  [main] 	Control Panel Version: 3.2.4  [ Compiled: Jun 5th 2019 ]
0:11:46  [main] 	You are not running with administrator rights! This will work for
0:11:46  [main] 	most application stuff but whenever you do something with services
0:11:46  [main] 	there will be a security dialogue or things will break! So think 
0:11:46  [main] 	about running this application with administrator rights!
0:11:46  [main] 	XAMPP Installation Directory: "c:\users\Марина\documents\github\nstu_learning\web - разработка\xampp\"
0:11:46  [main] 	WARNING: Your install directory contains spaces.  This may break programs/scripts
0:11:46  [main] 	Checking for prerequisites
0:11:46  [main] 	All prerequisites found
0:11:46  [main] 	Initializing Modules
0:11:46  [Apache] 	Problem detected!
0:11:46  [Apache] 	Port 443 in use by ""C:\Program Files (x86)\VMware\VMware Workstation\vmware-hostd.exe" -u "C:\ProgramData\VMware\hostd\config.xml"" with PID 404!
0:11:46  [Apache] 	Apache WILL NOT start without the configured ports free!
0:11:46  [Apache] 	You need to uninstall/disable/reconfigure the blocking application
0:11:46  [Apache] 	or reconfigure Apache and the Control Panel to listen on a different port
0:11:46  [main] 	Starting Check-Timer
0:11:46  [main] 	Control Panel Ready
0:11:48  [Apache] 	Problem detected!
0:11:48  [Apache] 	Port 443 in use by ""C:\Program Files (x86)\VMware\VMware Workstation\vmware-hostd.exe" -u "C:\ProgramData\VMware\hostd\config.xml"" with PID 404!
0:11:48  [Apache] 	Apache WILL NOT start without the configured ports free!
0:11:48  [Apache] 	You need to uninstall/disable/reconfigure the blocking application
0:11:48  [Apache] 	or reconfigure Apache and the Control Panel to listen on a different port
0:11:48  [Apache] 	Attempting to start Apache app...
0:11:48  [Apache] 	Status change detected: running
0:11:48  [mysql] 	Attempting to start MySQL app...
0:11:49  [mysql] 	Status change detected: running
0:11:50  [Apache] 	Status change detected: stopped
0:11:50  [Apache] 	Error: Apache shutdown unexpectedly.
0:11:50  [Apache] 	This may be due to a blocked port, missing dependencies, 
0:11:50  [Apache] 	improper privileges, a crash, or a shutdown by another method.
0:11:50  [Apache] 	Press the Logs button to view error logs and check
0:11:50  [Apache] 	the Windows Event Viewer for more clues
0:11:50  [Apache] 	If you need more help, copy and post this
0:11:50  [Apache] 	entire log window on the forums
0:12:02  [mysql] 	Attempting to stop MySQL app...
0:12:02  [mysql] 	Status change detected: stopped
0:12:03  [Apache] 	Problem detected!
0:12:03  [Apache] 	Port 443 in use by ""C:\Program Files (x86)\VMware\VMware Workstation\vmware-hostd.exe" -u "C:\ProgramData\VMware\hostd\config.xml"" with PID 404!
0:12:03  [Apache] 	Apache WILL NOT start without the configured ports free!
0:12:03  [Apache] 	You need to uninstall/disable/reconfigure the blocking application
0:12:03  [Apache] 	or reconfigure Apache and the Control Panel to listen on a different port
0:12:03  [Apache] 	Attempting to start Apache app...
0:12:03  [Apache] 	Status change detected: running
0:12:04  [mysql] 	Attempting to start MySQL app...
0:12:04  [Apache] 	Status change detected: stopped
0:12:05  [Apache] 	Error: Apache shutdown unexpectedly.
0:12:05  [Apache] 	This may be due to a blocked port, missing dependencies, 
0:12:05  [Apache] 	improper privileges, a crash, or a shutdown by another method.
0:12:05  [Apache] 	Press the Logs button to view error logs and check
0:12:05  [Apache] 	the Windows Event Viewer for more clues
0:12:05  [Apache] 	If you need more help, copy and post this
0:12:05  [Apache] 	entire log window on the forums
0:12:05  [mysql] 	Status change detected: running
0:12:06  [Apache] 	Problem detected!
0:12:06  [Apache] 	Port 443 in use by ""C:\Program Files (x86)\VMware\VMware Workstation\vmware-hostd.exe" -u "C:\ProgramData\VMware\hostd\config.xml"" with PID 404!
0:12:06  [Apache] 	Apache WILL NOT start without the configured ports free!
0:12:06  [Apache] 	You need to uninstall/disable/reconfigure the blocking application
0:12:06  [Apache] 	or reconfigure Apache and the Control Panel to listen on a different port
0:12:06  [Apache] 	Attempting to start Apache app...
0:12:06  [Apache] 	Status change detected: running
0:12:07  [Apache] 	Status change detected: stopped
0:12:08  [Apache] 	Error: Apache shutdown unexpectedly.
0:12:08  [Apache] 	This may be due to a blocked port, missing dependencies, 
0:12:08  [Apache] 	improper privileges, a crash, or a shutdown by another method.
0:12:08  [Apache] 	Press the Logs button to view error logs and check
0:12:08  [Apache] 	the Windows Event Viewer for more clues
0:12:08  [Apache] 	If you need more help, copy and post this
0:12:08  [Apache] 	entire log window on the forums
0:14:15  [mysql] 	Attempting to stop MySQL app...
0:14:15  [mysql] 	Status change detected: stopped
0:14:17  [main] 	Deinitializing Modules
0:14:17  [main] 	Deinitializing Control Panel

12:03:52  [main] 	Initializing Control Panel
12:03:52  [main] 	Windows Version:  Enterprise  64-bit
12:03:52  [main] 	XAMPP Version: 7.1.32
12:03:52  [main] 	Control Panel Version: 3.2.4  [ Compiled: Jun 5th 2019 ]
12:03:52  [main] 	You are not running with administrator rights! This will work for
12:03:52  [main] 	most application stuff but whenever you do something with services
12:03:52  [main] 	there will be a security dialogue or things will break! So think 
12:03:52  [main] 	about running this application with administrator rights!
12:03:52  [main] 	XAMPP Installation Directory: "c:\users\Слава\documents\github\nstu_learning\3_course_2\web - разработка\xampp\"
12:03:52  [main] 	WARNING: Your install directory contains spaces.  This may break programs/scripts
12:03:52  [main] 	Checking for prerequisites
12:03:52  [main] 	All prerequisites found
12:03:52  [main] 	Initializing Modules
12:03:52  [main] 	Starting Check-Timer
12:03:52  [main] 	Control Panel Ready
12:03:56  [Apache] 	Attempting to start Apache app...
12:03:56  [Apache] 	Status change detected: running
12:03:57  [mysql] 	Attempting to start MySQL app...
12:03:57  [mysql] 	Status change detected: running
12:13:02  [Apache] 	Attempting to stop Apache (PID: 18520)
12:13:02  [Apache] 	Attempting to stop Apache (PID: 3800)
12:13:02  [Apache] 	Status change detected: stopped
12:13:04  [mysql] 	Attempting to stop MySQL app...
12:13:04  [mysql] 	Status change detected: stopped
1:25:35  [main] 	Deinitializing Modules
1:25:35  [main] 	Deinitializing Control Panel

